Release 12.3 - ngc2edif M.70d (nt64)
Copyright (c) 1995-2010 Xilinx, Inc.  All rights reserved.
Reading design CPU.ngc ...
WARNING:NetListWriters:298 - No output is written to CPU.xncf, ignored.
Processing design ...
   Preping design's networks ...
   Preping design's macros ...
WARNING:NetListWriters:306 - Signal bus EXE_ALU/c_mux0004<15 : 0> on block CPU
   is not reconstructed, because there are some missing bus signals.
  finished :Prep
Writing EDIF netlist file CPU.edif ...
ngc2edif: Total memory usage is 77456 kilobytes

Release 12.3 - ngc2edif M.70d (nt64)
Copyright (c) 1995-2010 Xilinx, Inc.  All rights reserved.
Reading design CPU.ngc ...
WARNING:NetListWriters:298 - No output is written to CPU.xncf, ignored.
Processing design ...
   Preping design's networks ...
   Preping design's macros ...
WARNING:NetListWriters:306 - Signal bus EXE_ALU/c_mux0004<15 : 0> on block CPU
   is not reconstructed, because there are some missing bus signals.
  finished :Prep
Writing EDIF netlist file CPU.edif ...
ngc2edif: Total memory usage is 77456 kilobytes

Release 12.3 - ngc2edif M.70d (nt64)
Copyright (c) 1995-2010 Xilinx, Inc.  All rights reserved.
Reading design CPU.ngc ...
WARNING:NetListWriters:298 - No output is written to CPU.xncf, ignored.
Processing design ...
   Preping design's networks ...
   Preping design's macros ...
WARNING:NetListWriters:306 - Signal bus EXE_ALU/c_mux0004<15 : 0> on block CPU
   is not reconstructed, because there are some missing bus signals.
  finished :Prep
Writing EDIF netlist file CPU.edif ...
ngc2edif: Total memory usage is 77456 kilobytes

Release 12.3 - ngc2edif M.70d (nt64)
Copyright (c) 1995-2010 Xilinx, Inc.  All rights reserved.
Reading design CPU.ngc ...
WARNING:NetListWriters:298 - No output is written to CPU.xncf, ignored.
Processing design ...
   Preping design's networks ...
   Preping design's macros ...
WARNING:NetListWriters:306 - Signal bus EXE_ALU/c_mux0003<15 : 5> on block CPU
   is not reconstructed, because there are some missing bus signals.
  finished :Prep
Writing EDIF netlist file CPU.edif ...
ngc2edif: Total memory usage is 77584 kilobytes

Release 12.3 - ngc2edif M.70d (nt64)
Copyright (c) 1995-2010 Xilinx, Inc.  All rights reserved.
Reading design CPU.ngc ...
WARNING:NetListWriters:298 - No output is written to CPU.xncf, ignored.
Processing design ...
   Preping design's networks ...
   Preping design's macros ...
WARNING:NetListWriters:306 - Signal bus EXE_ALU/c_mux0003<15 : 5> on block CPU
   is not reconstructed, because there are some missing bus signals.
  finished :Prep
Writing EDIF netlist file CPU.edif ...
ngc2edif: Total memory usage is 77328 kilobytes

